BUILD: Computing Include file dependencies:
BUILD: Examining d:\zmq\program\driver\filemgr\drivers\filedisk directory for files to compile.
Compiling d:\zmq\program\driver\filemgr\drivers\filedisk directory ********************
'nmake.exe /c BUILDMSG=Stop. -i NTTEST= UMTEST= NOLINK=1 NOPASS0=1 386=1'
    rc -l 409 -DSXS_ASSEMBLY_NAME=""""""  -DSXS_ASSEMBLY_VERSION=""""""  -DSXS_ASSEMBLY_LANGUAGE=""""""  -DSXS_PROCESSOR_ARCHITECTURE="""x86"""  -DSXS_TARGET="""FileDisk.sys"""   -DSYSTEM_COMPATIBLE_ASSEMBLY_NAME="""Microsoft.Windows.SystemCompatible"""  -DLSYSTEM_COMPATIBLE_ASSEMBLY_NAME=L"""Microsoft.Windows.SystemCompatible"""   -z "MS Sans Serif,Helv/MS Shell Dlg"  -r -fo objchk\i386\filedisk.tmp -D_X86_=1 -Di386=1  -DSTD_CALL -DCONDITION_HANDLING=1   -DNT_INST=0 -DWIN32=100 -D_NT1X_=100 -DWINNT=1 -D_WIN32_WINNT=0x0501 /DWINVER=0x0501 -D_WIN32_IE=0x0600    -DWIN32_LEAN_AND_MEAN=1 -DDBG=1 -DDEVL=1 -D__BUILDMACHINE__=WinDDK -DFPO=0  -DNDEBUG -D_DLL=1    -I..\..\Include -Iobjchk\i386 -ID:\ZMQ\Software\WINXP-~1\inc\wxp -ID:\ZMQ\Software\WINXP-~1\inc\wxp -ID:\ZMQ\Software\WINXP-~1\inc\ddk\wxp -ID:\ZMQ\Software\WINXP-~1\inc\ddk\wdm\wxp -ID:\ZMQ\Software\WINXP-~1\inc\crt .\filedisk.rc



Stop.
Linking d:\zmq\program\driver\filemgr\drivers\filedisk directory ********************
'nmake.exe /c BUILDMSG=Stop. -i LINKONLY=1 NOPASS0=1 NTTEST= UMTEST= 386=1'
	link -out:objchk\i386\FileDisk.sys -machine:ix86 @C:\DOCUME~1\ADMINI~1\LOCALS~1\Temp\nma02600.
Microsoft (R) Incremental Linker Version 7.00.9210
Copyright (C) Microsoft Corporation.  All rights reserved.

-MERGE:_PAGE=PAGE 
-MERGE:_TEXT=.text 
-SECTION:INIT,d 
-OPT:REF 
-OPT:ICF 
-IGNORE:4010,4037,4039,4065,4070,4078,4087,4089,4198,4221 
-INCREMENTAL:NO 
-FULLBUILD 
/release 
-NODEFAULTLIB 
/WX 
-debug:FULL 
-debugtype:cv 
-version:5.1 
-osversion:5.1 
/opt:nowin98 
-STACK:0x40000,0x1000 
-driver 
-base:0x10000 
-align:0x80 
-subsystem:native,5.1 
-entry:DriverEntry@8 
-out:objchk\i386\FileDisk.sys 
objchk\i386\filedisk.res 
objchk\i386\filedisk.obj 
D:\ZMQ\Software\WINXP-~1\lib\wxp\i386\ntoskrnl.lib 
D:\ZMQ\Software\WINXP-~1\lib\wxp\i386\hal.lib 
D:\ZMQ\Software\WINXP-~1\lib\wxp\i386\wmilib.lib 
Skip Binplace:

Stop.
